<?xml version="1.0" encoding="UTF-8"?>
<testng-results ignored="0" total="1" passed="1" failed="0" skipped="0">
  <reporter-output>
  </reporter-output>
  <suite started-at="2022-02-02T15:46:55 IST" name="Default suite" finished-at="2022-02-02T15:47:19 IST" duration-ms="24300">
    <groups>
    </groups>
    <test started-at="2022-02-02T15:46:55 IST" name="Default test" finished-at="2022-02-02T15:47:19 IST" duration-ms="24300">
      <class name="testScript.TC_003Test">
        <test-method signature="olive(java.lang.String)[pri:0, instance:testScript.TC_003Test@4e268090]" started-at="2022-02-02T15:46:55 IST" name="olive" finished-at="2022-02-02T15:47:19 IST" duration-ms="24012" status="PASS">
          <params>
            <param index="0">
              <value>
                <![CDATA[https://www.tacobell.co.in/]]>
              </value>
            </param>
          </params>
          <reporter-output>
          </reporter-output>
        </test-method> <!-- olive -->
      </class> <!-- testScript.TC_003Test -->
    </test> <!-- Default test -->
  </suite> <!-- Default suite -->
</testng-results>
