<?xml version="1.0" encoding="UTF-8"?>
<!-- Generated by org.testng.reporters.JUnitXMLReporter -->
<testsuite ignored="0" hostname="SadhanaRamaGouda-2194" failures="0" tests="4" name="Test" time="128.495" errors="0" timestamp="2022-02-02T12:58:17 IST">
  <testcase classname="testScript.TC_004Test" name="magicpin" time="31.268"/>
  <testcase classname="testScript.Test_002Test" name="Zomato" time="25.353"/>
  <testcase classname="testScript.TC_001Test" name="swiggy" time="21.508"/>
  <testcase classname="testScript.TC_005Test" name="EatClub" time="49.979"/>
</testsuite> <!-- Test -->
